#
# There is insufficient memory for the Java Runtime Environment to continue.
# Native memory allocation (malloc) failed to allocate 390448 bytes for Chunk::new
# Possible reasons:
#   The system is out of physical RAM or swap space
#   In 32 bit mode, the process size limit was hit
# Possible solutions:
#   Reduce memory load on the system
#   Increase physical memory or swap space
#   Check if swap backing store is full
#   Use 64 bit Java on a 64 bit OS
#   Decrease Java heap size (-Xmx/-Xms)
#   Decrease number of Java threads
#   Decrease Java thread stack sizes (-Xss)
#   Set larger code cache with -XX:ReservedCodeCacheSize=
# This output file may be truncated or incomplete.
#
#  Out of Memory Error (allocation.cpp:390), pid=1576, tid=10208
#
# JRE version: Java(TM) SE Runtime Environment (8.0_91-b15) (build 1.8.0_91-b15)
# Java VM: Java HotSpot(TM) 64-Bit Server VM (25.91-b15 mixed mode windows-amd64 compressed oops)
# Failed to write core dump. Minidumps are not enabled by default on client versions of Windows
#

---------------  T H R E A D  ---------------

Current thread (0x000000001520c800):  JavaThread "C2 CompilerThread0" daemon [_thread_in_native, id=10208, stack(0x00000000169d0000,0x0000000016ad0000)]

Stack: [0x00000000169d0000,0x0000000016ad0000]
[error occurred during error reporting (printing stack bounds), id 0xc0000005]

Native frames: (J=compiled Java code, j=interpreted, Vv=VM code, C=native code)


Current CompileTask:
C2:   2941 1737       4       com.android.dx.ssa.SCCP::simulatePhi (169 bytes)


---------------  P R O C E S S  ---------------

Java Threads: ( => current thread )
  0x00000000176c2000 JavaThread "pool-2-thread-4" [_thread_blocked, id=4128, stack(0x0000000018ea0000,0x0000000018fa0000)]
  0x0000000016ef2000 JavaThread "pool-2-thread-3" [_thread_in_vm, id=4036, stack(0x0000000018da0000,0x0000000018ea0000)]
  0x0000000017385000 JavaThread "pool-2-thread-2" [_thread_blocked, id=7788, stack(0x0000000018ca0000,0x0000000018da0000)]
  0x00000000173fb000 JavaThread "pool-3-thread-1" [_thread_blocked, id=12664, stack(0x0000000018ba0000,0x0000000018ca0000)]
  0x0000000017390800 JavaThread "pool-2-thread-1" [_thread_blocked, id=12956, stack(0x0000000018aa0000,0x0000000018ba0000)]
  0x0000000016bd6000 JavaThread "Service Thread" daemon [_thread_blocked, id=9984, stack(0x00000000170d0000,0x00000000171d0000)]
  0x0000000016bd0800 JavaThread "C1 CompilerThread2" daemon [_thread_blocked, id=4840, stack(0x0000000016fd0000,0x00000000170d0000)]
  0x0000000015268800 JavaThread "C2 CompilerThread1" daemon [_thread_in_native, id=8640, stack(0x0000000016ad0000,0x0000000016bd0000)]
=>0x000000001520c800 JavaThread "C2 CompilerThread0" daemon [_thread_in_native, id=10208, stack(0x00000000169d0000,0x0000000016ad0000)]
  0x000000001520a800 JavaThread "Attach Listener" daemon [_thread_blocked, id=5552, stack(0x00000000168d0000,0x00000000169d0000)]
  0x0000000015209000 JavaThread "Signal Dispatcher" daemon [_thread_blocked, id=12700, stack(0x00000000167d0000,0x00000000168d0000)]
  0x00000000151fa800 JavaThread "Finalizer" daemon [_thread_blocked, id=1100, stack(0x0000000016480000,0x0000000016580000)]
  0x0000000002b30000 JavaThread "Reference Handler" daemon [_thread_blocked, id=5920, stack(0x0000000016380000,0x0000000016480000)]
  0x0000000002a3d800 JavaThread "main" [_thread_blocked, id=6352, stack(0x00000000028d0000,0x00000000029d0000)]

Other Threads:
  0x00000000151d8000 VMThread [stack: 0x0000000016280000,0x0000000016380000] [id=5852]
  0x0000000016bf3000 WatcherThread [stack: 0x00000000171d0000,0x00000000172d0000] [id=4176]

VM state:not at safepoint (normal execution)

VM Mutex/Monitor currently owned by a thread: None

Heap:
 PSYoungGen      total 139776K, used 16173K [0x00000000eab00000, 0x00000000f3e00000, 0x0000000100000000)
  eden space 129024K, 4% used [0x00000000eab00000,0x00000000eb04fe50,0x00000000f2900000)
  from space 10752K, 99% used [0x00000000f3380000,0x00000000f3dfb950,0x00000000f3e00000)
  to   space 10752K, 0% used [0x00000000f2900000,0x00000000f2900000,0x00000000f3380000)
 ParOldGen       total 172032K, used 6563K [0x00000000c0000000, 0x00000000ca800000, 0x00000000eab00000)
  object space 172032K, 3% used [0x00000000c0000000,0x00000000c0668d70,0x00000000ca800000)
 Metaspace       used 6306K, capacity 7090K, committed 7296K, reserved 1056768K
  class space    used 599K, capacity 618K, committed 640K, reserved 1048576K

Card table byte_map: [0x0000000011f00000,0x0000000012110000] byte_map_base: 0x0000000011900000

Marking Bits: (ParMarkBitMap*) 0x000000006e2c2f70
 Begin Bits: [0x0000000012670000, 0x0000000013670000)
 End Bits:   [0x0000000013670000, 0x0000000014670000)

Polling page: 0x0000000001100000

CodeCache: size=245760Kb used=7193Kb max_used=7215Kb free=238566Kb
 bounds [0x0000000002b40000, 0x0000000003260000, 0x0000000011b40000]
 total_blobs=2029 nmethods=1759 adapters=182
 compilation: enabled

Compilation events (10 events):
Event: 2.923 Thread 0x0000000015268800 1751       4       com.android.dx.util.IntList::mutableCopy (39 bytes)
Event: 2.931 Thread 0x0000000015268800 nmethod 1751 0x000000000323b590 code [0x000000000323b700, 0x000000000323bcd8]
Event: 2.931 Thread 0x0000000015268800 1765       4       com.android.dx.ssa.DeadCodeRemover::pruneDeadInstructions (246 bytes)
Event: 2.938 Thread 0x0000000016bd0800 nmethod 1767 0x000000000323c2d0 code [0x000000000323c520, 0x000000000323cc88]
Event: 2.938 Thread 0x0000000016bd0800 1768       2       java.util.zip.ZipFile$ZipFileInputStream::finalize (5 bytes)
Event: 2.938 Thread 0x0000000016bd0800 nmethod 1768 0x000000000323b210 code [0x000000000323b380, 0x000000000323b4e8]
Event: 2.938 Thread 0x0000000016bd0800 1769       2       java.util.zip.ZipFile$ZipFileInflaterInputStream::finalize (5 bytes)
Event: 2.938 Thread 0x0000000016bd0800 nmethod 1769 0x000000000323ae90 code [0x000000000323b000, 0x000000000323b168]
Event: 2.938 Thread 0x0000000016bd0800 1770       2       java.util.concurrent.locks.AbstractQueuedSynchronizer::addWaiter (50 bytes)
Event: 2.938 Thread 0x0000000016bd0800 nmethod 1770 0x000000000323a990 code [0x000000000323ab00, 0x000000000323ada8]

GC Heap History (4 events):
Event: 1.829 GC heap before
{Heap before GC invocations=1 (full 0):
 PSYoungGen      total 75264K, used 64512K [0x00000000eab00000, 0x00000000eff00000, 0x0000000100000000)
  eden space 64512K, 100% used [0x00000000eab00000,0x00000000eea00000,0x00000000eea00000)
  from space 10752K, 0% used [0x00000000ef480000,0x00000000ef480000,0x00000000eff00000)
  to   space 10752K, 0% used [0x00000000eea00000,0x00000000eea00000,0x00000000ef480000)
 ParOldGen       total 172032K, used 0K [0x00000000c0000000, 0x00000000ca800000, 0x00000000eab00000)
  object space 172032K, 0% used [0x00000000c0000000,0x00000000c0000000,0x00000000ca800000)
 Metaspace       used 6149K, capacity 7026K, committed 7296K, reserved 1056768K
  class space    used 599K, capacity 618K, committed 640K, reserved 1048576K
Event: 1.867 GC heap after
Heap after GC invocations=1 (full 0):
 PSYoungGen      total 75264K, used 9170K [0x00000000eab00000, 0x00000000f3e00000, 0x0000000100000000)
  eden space 64512K, 0% used [0x00000000eab00000,0x00000000eab00000,0x00000000eea00000)
  from space 10752K, 85% used [0x00000000eea00000,0x00000000ef2f4a88,0x00000000ef480000)
  to   space 10752K, 0% used [0x00000000f3380000,0x00000000f3380000,0x00000000f3e00000)
 ParOldGen       total 172032K, used 16K [0x00000000c0000000, 0x00000000ca800000, 0x00000000eab00000)
  object space 172032K, 0% used [0x00000000c0000000,0x00000000c0004000,0x00000000ca800000)
 Metaspace       used 6149K, capacity 7026K, committed 7296K, reserved 1056768K
  class space    used 599K, capacity 618K, committed 640K, reserved 1048576K
}
Event: 2.805 GC heap before
{Heap before GC invocations=2 (full 0):
 PSYoungGen      total 75264K, used 73682K [0x00000000eab00000, 0x00000000f3e00000, 0x0000000100000000)
  eden space 64512K, 100% used [0x00000000eab00000,0x00000000eea00000,0x00000000eea00000)
  from space 10752K, 85% used [0x00000000eea00000,0x00000000ef2f4a88,0x00000000ef480000)
  to   space 10752K, 0% used [0x00000000f3380000,0x00000000f3380000,0x00000000f3e00000)
 ParOldGen       total 172032K, used 16K [0x00000000c0000000, 0x00000000ca800000, 0x00000000eab00000)
  object space 172032K, 0% used [0x00000000c0000000,0x00000000c0004000,0x00000000ca800000)
 Metaspace       used 6304K, capacity 7090K, committed 7296K, reserved 1056768K
  class space    used 599K, capacity 618K, committed 640K, reserved 1048576K
Event: 2.901 GC heap after
Heap after GC invocations=2 (full 0):
 PSYoungGen      total 139776K, used 10734K [0x00000000eab00000, 0x00000000f3e00000, 0x0000000100000000)
  eden space 129024K, 0% used [0x00000000eab00000,0x00000000eab00000,0x00000000f2900000)
  from space 10752K, 99% used [0x00000000f3380000,0x00000000f3dfb950,0x00000000f3e00000)
  to   space 10752K, 0% used [0x00000000f2900000,0x00000000f2900000,0x00000000f3380000)
 ParOldGen       total 172032K, used 6563K [0x00000000c0000000, 0x00000000ca800000, 0x00000000eab00000)
  object space 172032K, 3% used [0x00000000c0000000,0x00000000c0668d70,0x00000000ca800000)
 Metaspace       used 6304K, capacity 7090K, committed 7296K, reserved 1056768K
  class space    used 599K, capacity 618K, committed 640K, reserved 1048576K
}

Deoptimization events (10 events):
Event: 2.019 Thread 0x0000000017390800 Uncommon trap: reason=null_check action=make_not_entrant pc=0x0000000002e8ea28 method=com.android.dx.rop.type.Type.equals(Ljava/lang/Object;)Z @ 8
Event: 2.019 Thread 0x0000000017390800 Uncommon trap: reason=unstable_if action=reinterpret pc=0x00000000030bcadc method=com.android.dx.cf.code.Merger.mergeType(Lcom/android/dx/rop/type/TypeBearer;Lcom/android/dx/rop/type/TypeBearer;)Lcom/android/dx/rop/type/TypeBearer; @ 15
Event: 2.038 Thread 0x00000000176c2000 Uncommon trap: reason=unstable_if action=reinterpret pc=0x000000000318330c method=com.android.dx.ssa.SsaMethod.isRegALocal(Lcom/android/dx/rop/code/RegisterSpec;)Z @ 80
Event: 2.039 Thread 0x00000000176c2000 Uncommon trap: reason=unstable_if action=reinterpret pc=0x0000000003150b54 method=com.android.dx.ssa.SsaInsn.getLocalAssignment()Lcom/android/dx/rop/code/RegisterSpec; @ 14
Event: 2.159 Thread 0x0000000017390800 Uncommon trap: reason=class_check action=maybe_recompile pc=0x00000000031eee4c method=com.android.dx.ssa.SCCP.setLatticeValueTo(IILcom/android/dx/rop/cst/Constant;)Z @ 43
Event: 2.159 Thread 0x0000000017390800 Uncommon trap: reason=class_check action=maybe_recompile pc=0x00000000031eee4c method=com.android.dx.ssa.SCCP.setLatticeValueTo(IILcom/android/dx/rop/cst/Constant;)Z @ 43
Event: 2.188 Thread 0x0000000016ef2000 Uncommon trap: reason=class_check action=maybe_recompile pc=0x00000000031eee4c method=com.android.dx.ssa.SCCP.setLatticeValueTo(IILcom/android/dx/rop/cst/Constant;)Z @ 43
Event: 2.188 Thread 0x0000000016ef2000 Uncommon trap: reason=class_check action=maybe_recompile pc=0x00000000031eee4c method=com.android.dx.ssa.SCCP.setLatticeValueTo(IILcom/android/dx/rop/cst/Constant;)Z @ 43
Event: 2.238 Thread 0x0000000016ef2000 Uncommon trap: reason=unstable_if action=reinterpret pc=0x0000000002e6c5f4 method=java.util.HashMap.getNode(ILjava/lang/Object;)Ljava/util/HashMap$Node; @ 84
Event: 2.238 Thread 0x0000000016ef2000 Uncommon trap: reason=unstable_if action=reinterpret pc=0x0000000002e688b8 method=java.util.HashMap.getNode(ILjava/lang/Object;)Ljava/util/HashMap$Node; @ 84

Internal exceptions (3 events):
Event: 0.069 Thread 0x0000000002a3d800 Exception <a 'java/lang/NoSuchMethodError': Method sun.misc.Unsafe.defineClass(Ljava/lang/String;[BII)Ljava/lang/Class; name or signature does not match> (0x00000000eab07cc0) thrown at [C:\re\workspace\8-2-build-windows-amd64-cygwin\jdk8u91\7017\hotspot\srΩ˘Ô~Íê±?
Event: 0.069 Thread 0x0000000002a3d800 Exception <a 'java/lang/NoSuchMethodError': Method sun.misc.Unsafe.prefetchRead(Ljava/lang/Object;J)V name or signature does not match> (0x00000000eab07fa8) thrown at [C:\re\workspace\8-2-build-windows-amd64-cygwin\jdk8u91\7017\hotspot\src\share\vm\prims\j!ápƒÊ&
Event: 2.019 Thread 0x0000000017390800 Implicit null exception at 0x0000000002e8e922 to 0x0000000002e8ea1a

Events (10 events):
Event: 2.188 Thread 0x0000000016ef2000 DEOPT PACKING pc=0x00000000031eee4c sp=0x0000000018e9e860
Event: 2.188 Thread 0x0000000016ef2000 DEOPT UNPACKING pc=0x0000000002b8582a sp=0x0000000018e9e7c8 mode 2
Event: 2.238 Thread 0x0000000016ef2000 Uncommon trap: trap_request=0xffffff65 fr.pc=0x0000000002e6c5f4
Event: 2.238 Thread 0x0000000016ef2000 DEOPT PACKING pc=0x0000000002e6c5f4 sp=0x0000000018e9e360
Event: 2.238 Thread 0x0000000016ef2000 DEOPT UNPACKING pc=0x0000000002b8582a sp=0x0000000018e9e290 mode 2
Event: 2.238 Thread 0x0000000016ef2000 Uncommon trap: trap_request=0xffffff65 fr.pc=0x0000000002e688b8
Event: 2.238 Thread 0x0000000016ef2000 DEOPT PACKING pc=0x0000000002e688b8 sp=0x0000000018e9e2e0
Event: 2.238 Thread 0x0000000016ef2000 DEOPT UNPACKING pc=0x0000000002b8582a sp=0x0000000018e9e280 mode 2
Event: 2.336 Executing VM operation: ParallelGCFailedAllocation
Event: 2.901 Executing VM operation: ParallelGCFailedAllocation done


Dynamic libraries:
0x00007ff7182d0000 - 0x00007ff718307000 	C:\Program Files\Java\jdk1.8.0_91\bin\java.exe
0x00007ff983700000 - 0x00007ff9838ad000 	C:\windows\SYSTEM32\ntdll.dll
0x00007ff981ab0000 - 0x00007ff981bee000 	C:\windows\system32\KERNEL32.DLL
0x00007ff980b90000 - 0x00007ff980ca5000 	C:\windows\system32\KERNELBASE.dll
0x00007ff97ee70000 - 0x00007ff97eefe000 	C:\windows\system32\apphelp.dll
0x00007ff96e560000 - 0x00007ff96e5b3000 	C:\windows\AppPatch\AppPatch64\AcGenral.DLL
0x00007ff983290000 - 0x00007ff98333a000 	C:\windows\system32\msvcrt.dll
0x00007ff980d60000 - 0x00007ff980d8e000 	C:\windows\system32\SspiCli.dll
0x00007ff980fb0000 - 0x00007ff981004000 	C:\windows\system32\SHLWAPI.dll
0x00007ff981850000 - 0x00007ff9819c7000 	C:\windows\system32\USER32.dll
0x00007ff981110000 - 0x00007ff9812a4000 	C:\windows\system32\ole32.dll
0x00007ff981d60000 - 0x00007ff98328b000 	C:\windows\system32\SHELL32.dll
0x00007ff97fe80000 - 0x00007ff97fea1000 	C:\windows\SYSTEM32\USERENV.dll
0x00007ff981050000 - 0x00007ff9810fa000 	C:\windows\system32\ADVAPI32.dll
0x00007ff973520000 - 0x00007ff97353e000 	C:\windows\SYSTEM32\MPR.dll
0x00007ff981310000 - 0x00007ff981450000 	C:\windows\system32\RPCRT4.dll
0x00007ff9812b0000 - 0x00007ff981309000 	C:\windows\SYSTEM32\sechost.dll
0x00007ff981630000 - 0x00007ff981841000 	C:\windows\SYSTEM32\combase.dll
0x00007ff981bf0000 - 0x00007ff981d3f000 	C:\windows\system32\GDI32.dll
0x00007ff980830000 - 0x00007ff980845000 	C:\windows\SYSTEM32\profapi.dll
0x00007ff97f120000 - 0x00007ff97f1d2000 	C:\windows\SYSTEM32\SHCORE.dll
0x00007ff981010000 - 0x00007ff981046000 	C:\windows\system32\IMM32.DLL
0x00007ff980d90000 - 0x00007ff980ee2000 	C:\windows\system32\MSCTF.dll
0x00007ff97ebf0000 - 0x00007ff97ee6a000 	C:\windows\WinSxS\amd64_microsoft.windows.common-controls_6595b64144ccf1df_6.0.9600.17810_none_6240b9c7ecbd0bda\COMCTL32.dll
0x000000006d6a0000 - 0x000000006d772000 	C:\Program Files\Java\jdk1.8.0_91\jre\bin\msvcr100.dll
0x000000006dab0000 - 0x000000006e343000 	C:\Program Files\Java\jdk1.8.0_91\jre\bin\server\jvm.dll
0x00007ff9766b0000 - 0x00007ff9766b9000 	C:\windows\SYSTEM32\WSOCK32.dll
0x00007ff97de30000 - 0x00007ff97de52000 	C:\windows\SYSTEM32\WINMM.dll
0x00007ff97e770000 - 0x00007ff97e77a000 	C:\windows\SYSTEM32\VERSION.dll
0x00007ff9836f0000 - 0x00007ff9836f7000 	C:\windows\system32\PSAPI.DLL
0x00007ff983340000 - 0x00007ff98339a000 	C:\windows\system32\WS2_32.dll
0x00007ff97db80000 - 0x00007ff97dbaa000 	C:\windows\SYSTEM32\WINMMBASE.dll
0x00007ff9834c0000 - 0x00007ff9834c9000 	C:\windows\system32\NSI.dll
0x00007ff980b40000 - 0x00007ff980b8f000 	C:\windows\SYSTEM32\cfgmgr32.dll
0x00007ff97f650000 - 0x00007ff97f678000 	C:\windows\SYSTEM32\DEVOBJ.dll
0x000000006e610000 - 0x000000006e61f000 	C:\Program Files\Java\jdk1.8.0_91\jre\bin\verify.dll
0x000000006e5e0000 - 0x000000006e609000 	C:\Program Files\Java\jdk1.8.0_91\jre\bin\java.dll
0x000000006e5c0000 - 0x000000006e5d6000 	C:\Program Files\Java\jdk1.8.0_91\jre\bin\zip.dll

VM Arguments:
jvm_args: -Djava.awt.headless=true -Xmx1024M -Dfile.encoding=windows-1252 -Duser.country=US -Duser.language=en -Duser.variant 
java_command: com.android.dx.command.Main --dex --force-jumbo --num-threads=4 --multi-dex --output C:\PSR\Personal\Andrioid\androidPrograms\ToDoList\app\build\intermediates\transforms\dex\debug\folders\1000\10\com.google.android.gms-play-services-basement-8.1.0_ad80708e3cff2157ffe5af844e1a53c3f417b8d6 C:\PSR\Personal\Andrioid\androidPrograms\ToDoList\app\build\intermediates\exploded-aar\com.google.android.gms\play-services-basement\8.1.0\jars\classes.jar
java_class_path (initial): C:\Users\srinivasap\AppData\Local\Android\sdk1\build-tools\24.0.0\lib\dx.jar
Launcher Type: SUN_STANDARD

Environment Variables:
JAVA_HOME=C:\Program Files\Java\jdk1.8.0_91
PATH=C:\ProgramData\Oracle\Java\javapath;C:\windows\system32;C:\windows;C:\windows\System32\Wbem;C:\windows\System32\WindowsPowerShell\v1.0\;c:\Program Files (x86)\Microsoft SQL Server\90\Tools\binn\;C:\Program Files\TortoiseSVN\bin;C:\Python27;C:\PSR\Telenav\TelenavWork\4.7.4\4.7.4\bin;C:\Qt\4.7.4\bin;C:\Program Files (x86)\CMake\bin;C:\PSR\Telenav\TelenavWork\apache-ant-1.9.6-bin\apache-ant-1.9.6\bin;C:\Program Files (x86)\Java\jdk1.8.0_91\bin;C:\windows\system32\config\systemprofile\.dnx\bin;C:\Program Files\Microsoft DNX\Dnvm\;C:\Program Files\IDM Computer Solutions\UltraEdit;C:\Program Files\Intel\WiFi\bin\;C:\Program Files\Common Files\Intel\WirelessCommon\;C:\Program Files (x86)\QuickTime\QTSystem\;C:\Program Files (x86)\Windows Kits\8.1\Windows Performance Toolkit\;C:\Program Files\Microsoft SQL Server\130\Tools\Binn\;C:\Program Files\Intel\WiFi\bin\;C:\Program Files\Common Files\Intel\WirelessCommon\;C:\Users\srinivasap\AppData\Local\atom\bin;C:\PSR\Personal\Andrioid\androidStudio\android-ndk-r11c;C:\Program Files (x86)\Microsoft VS Code\bin
USERNAME=srinivasap
OS=Windows_NT
PROCESSOR_IDENTIFIER=Intel64 Family 6 Model 60 Stepping 3, GenuineIntel



---------------  S Y S T E M  ---------------

OS: Windows 8.1 , 64 bit Build 9600 (6.3.9600.17415)

CPU:total 4 (2 cores per cpu, 2 threads per core) family 6 model 60 stepping 3, cmov, cx8, fxsr, mmx, sse, sse2, sse3, ssse3, sse4.1, sse4.2, popcnt, avx, avx2, aes, clmul, erms, lzcnt, ht, tsc, tscinvbit, bmi1, bmi2

Memory: 4k page, physical 16455804k(3907096k free), swap 16455804k(5076k free)

vm_info: Java HotSpot(TM) 64-Bit Server VM (25.91-b15) for windows-amd64 JRE (1.8.0_91-b15), built on May 20 2016 17:43:15 by "java_re" with MS VC++ 10.0 (VS2010)

time: Tue Jul 05 01:39:06 2016
elapsed time: 2 seconds (0d 0h 0m 2s)

