#
# There is insufficient memory for the Java Runtime Environment to continue.
# Native memory allocation (malloc) failed to allocate 1986336 bytes for Chunk::new
# Possible reasons:
#   The system is out of physical RAM or swap space
#   In 32 bit mode, the process size limit was hit
# Possible solutions:
#   Reduce memory load on the system
#   Increase physical memory or swap space
#   Check if swap backing store is full
#   Use 64 bit Java on a 64 bit OS
#   Decrease Java heap size (-Xmx/-Xms)
#   Decrease number of Java threads
#   Decrease Java thread stack sizes (-Xss)
#   Set larger code cache with -XX:ReservedCodeCacheSize=
# This output file may be truncated or incomplete.
#
#  Out of Memory Error (allocation.cpp:390), pid=13068, tid=11364
#
# JRE version: Java(TM) SE Runtime Environment (8.0_91-b15) (build 1.8.0_91-b15)
# Java VM: Java HotSpot(TM) 64-Bit Server VM (25.91-b15 mixed mode windows-amd64 compressed oops)
# Failed to write core dump. Minidumps are not enabled by default on client versions of Windows
#

---------------  T H R E A D  ---------------

Current thread (0x00000000148c9800):  JavaThread "C2 CompilerThread1" daemon [_thread_in_native, id=11364, stack(0x0000000016130000,0x0000000016230000)]

Stack: [0x0000000016130000,0x0000000016230000]
[error occurred during error reporting (printing stack bounds), id 0xc0000005]

Native frames: (J=compiled Java code, j=interpreted, Vv=VM code, C=native code)


Current CompileTask:
C2:   4035 1708   !   4       com.android.dx.cf.cst.ConstantPoolParser::parse0 (731 bytes)


---------------  P R O C E S S  ---------------

Java Threads: ( => current thread )
  0x00000000165ad000 JavaThread "pool-2-thread-4" [_thread_in_Java, id=2932, stack(0x0000000016d30000,0x0000000016e30000)]
  0x00000000165ac800 JavaThread "pool-2-thread-3" [_thread_blocked, id=11724, stack(0x0000000016c30000,0x0000000016d30000)]
  0x00000000165ab800 JavaThread "pool-2-thread-2" [_thread_in_Java, id=3740, stack(0x0000000016b30000,0x0000000016c30000)]
  0x00000000165a9000 JavaThread "pool-3-thread-1" [_thread_blocked, id=13304, stack(0x0000000016a30000,0x0000000016b30000)]
  0x00000000165a8800 JavaThread "pool-2-thread-1" [_thread_blocked, id=8612, stack(0x0000000016930000,0x0000000016a30000)]
  0x0000000016336800 JavaThread "Service Thread" daemon [_thread_blocked, id=12680, stack(0x0000000016730000,0x0000000016830000)]
  0x00000000148cc000 JavaThread "C1 CompilerThread2" daemon [_thread_blocked, id=436, stack(0x0000000016230000,0x0000000016330000)]
=>0x00000000148c9800 JavaThread "C2 CompilerThread1" daemon [_thread_in_native, id=11364, stack(0x0000000016130000,0x0000000016230000)]
  0x000000001486c800 JavaThread "C2 CompilerThread0" daemon [_thread_in_native, id=11208, stack(0x0000000016030000,0x0000000016130000)]
  0x000000001486a800 JavaThread "Attach Listener" daemon [_thread_blocked, id=7608, stack(0x0000000015f30000,0x0000000016030000)]
  0x0000000014869000 JavaThread "Signal Dispatcher" daemon [_thread_blocked, id=10960, stack(0x0000000015e30000,0x0000000015f30000)]
  0x000000001485a800 JavaThread "Finalizer" daemon [_thread_blocked, id=4712, stack(0x0000000015ae0000,0x0000000015be0000)]
  0x0000000002190000 JavaThread "Reference Handler" daemon [_thread_blocked, id=11372, stack(0x00000000159e0000,0x0000000015ae0000)]
  0x000000000209d800 JavaThread "main" [_thread_blocked, id=7656, stack(0x0000000001f00000,0x0000000002000000)]

Other Threads:
  0x0000000014838000 VMThread [stack: 0x00000000158e0000,0x00000000159e0000] [id=5664]
  0x000000001634b800 WatcherThread [stack: 0x0000000016830000,0x0000000016930000] [id=4668]

VM state:not at safepoint (normal execution)

VM Mutex/Monitor currently owned by a thread: None

Heap:
 PSYoungGen      total 139776K, used 60418K [0x00000000eab00000, 0x00000000f3e00000, 0x0000000100000000)
  eden space 129024K, 38% used [0x00000000eab00000,0x00000000edb84938,0x00000000f2900000)
  from space 10752K, 99% used [0x00000000f3380000,0x00000000f3dfbf60,0x00000000f3e00000)
  to   space 10752K, 0% used [0x00000000f2900000,0x00000000f2900000,0x00000000f3380000)
 ParOldGen       total 172032K, used 7207K [0x00000000c0000000, 0x00000000ca800000, 0x00000000eab00000)
  object space 172032K, 4% used [0x00000000c0000000,0x00000000c0709e08,0x00000000ca800000)
 Metaspace       used 6320K, capacity 7154K, committed 7296K, reserved 1056768K
  class space    used 605K, capacity 618K, committed 640K, reserved 1048576K

Card table byte_map: [0x0000000011560000,0x0000000011770000] byte_map_base: 0x0000000010f60000

Marking Bits: (ParMarkBitMap*) 0x000000006e2c2f70
 Begin Bits: [0x0000000011cd0000, 0x0000000012cd0000)
 End Bits:   [0x0000000012cd0000, 0x0000000013cd0000)

Polling page: 0x0000000000600000

CodeCache: size=245760Kb used=6952Kb max_used=6952Kb free=238807Kb
 bounds [0x00000000021a0000, 0x0000000002870000, 0x00000000111a0000]
 total_blobs=2027 nmethods=1757 adapters=182
 compilation: enabled

Compilation events (10 events):
Event: 4.003 Thread 0x00000000148cc000 1786       2       java.util.concurrent.locks.AbstractQueuedSynchronizer::isOnSyncQueue (33 bytes)
Event: 4.003 Thread 0x00000000148cc000 nmethod 1786 0x000000000286d790 code [0x000000000286d900, 0x000000000286db30]
Event: 4.005 Thread 0x00000000148cc000 1787       2       java.util.Collections$UnmodifiableCollection::size (10 bytes)
Event: 4.005 Thread 0x00000000148cc000 nmethod 1787 0x000000000286dc50 code [0x000000000286ddc0, 0x000000000286df48]
Event: 4.011 Thread 0x00000000148cc000 1788 %     3       com.android.dx.util.IntList::binarysearch @ 45 (124 bytes)
Event: 4.012 Thread 0x00000000148cc000 nmethod 1788% 0x000000000286dfd0 code [0x000000000286e160, 0x000000000286e690]
Event: 4.012 Thread 0x00000000148cc000 1789       3       com.android.dx.util.IntList::binarysearch (124 bytes)
Event: 4.012 Thread 0x00000000148cc000 nmethod 1789 0x000000000286e990 code [0x000000000286eb20, 0x000000000286efd0]
Event: 4.032 Thread 0x00000000148cc000 1791       2       com.android.dx.ssa.SsaMethod::makeNewSsaReg (26 bytes)
Event: 4.032 Thread 0x00000000148cc000 nmethod 1791 0x000000000286f290 code [0x000000000286f3e0, 0x000000000286f570]

GC Heap History (4 events):
Event: 2.436 GC heap before
{Heap before GC invocations=1 (full 0):
 PSYoungGen      total 75264K, used 64512K [0x00000000eab00000, 0x00000000eff00000, 0x0000000100000000)
  eden space 64512K, 100% used [0x00000000eab00000,0x00000000eea00000,0x00000000eea00000)
  from space 10752K, 0% used [0x00000000ef480000,0x00000000ef480000,0x00000000eff00000)
  to   space 10752K, 0% used [0x00000000eea00000,0x00000000eea00000,0x00000000ef480000)
 ParOldGen       total 172032K, used 0K [0x00000000c0000000, 0x00000000ca800000, 0x00000000eab00000)
  object space 172032K, 0% used [0x00000000c0000000,0x00000000c0000000,0x00000000ca800000)
 Metaspace       used 6185K, capacity 7026K, committed 7296K, reserved 1056768K
  class space    used 604K, capacity 618K, committed 640K, reserved 1048576K
Event: 2.491 GC heap after
Heap after GC invocations=1 (full 0):
 PSYoungGen      total 75264K, used 10281K [0x00000000eab00000, 0x00000000f3e00000, 0x0000000100000000)
  eden space 64512K, 0% used [0x00000000eab00000,0x00000000eab00000,0x00000000eea00000)
  from space 10752K, 95% used [0x00000000eea00000,0x00000000ef40a798,0x00000000ef480000)
  to   space 10752K, 0% used [0x00000000f3380000,0x00000000f3380000,0x00000000f3e00000)
 ParOldGen       total 172032K, used 0K [0x00000000c0000000, 0x00000000ca800000, 0x00000000eab00000)
  object space 172032K, 0% used [0x00000000c0000000,0x00000000c0000000,0x00000000ca800000)
 Metaspace       used 6185K, capacity 7026K, committed 7296K, reserved 1056768K
  class space    used 604K, capacity 618K, committed 640K, reserved 1048576K
}
Event: 3.404 GC heap before
{Heap before GC invocations=2 (full 0):
 PSYoungGen      total 75264K, used 74793K [0x00000000eab00000, 0x00000000f3e00000, 0x0000000100000000)
  eden space 64512K, 100% used [0x00000000eab00000,0x00000000eea00000,0x00000000eea00000)
  from space 10752K, 95% used [0x00000000eea00000,0x00000000ef40a798,0x00000000ef480000)
  to   space 10752K, 0% used [0x00000000f3380000,0x00000000f3380000,0x00000000f3e00000)
 ParOldGen       total 172032K, used 0K [0x00000000c0000000, 0x00000000ca800000, 0x00000000eab00000)
  object space 172032K, 0% used [0x00000000c0000000,0x00000000c0000000,0x00000000ca800000)
 Metaspace       used 6290K, capacity 7154K, committed 7296K, reserved 1056768K
  class space    used 605K, capacity 618K, committed 640K, reserved 1048576K
Event: 3.865 GC heap after
Heap after GC invocations=2 (full 0):
 PSYoungGen      total 139776K, used 10735K [0x00000000eab00000, 0x00000000f3e00000, 0x0000000100000000)
  eden space 129024K, 0% used [0x00000000eab00000,0x00000000eab00000,0x00000000f2900000)
  from space 10752K, 99% used [0x00000000f3380000,0x00000000f3dfbf60,0x00000000f3e00000)
  to   space 10752K, 0% used [0x00000000f2900000,0x00000000f2900000,0x00000000f3380000)
 ParOldGen       total 172032K, used 7207K [0x00000000c0000000, 0x00000000ca800000, 0x00000000eab00000)
  object space 172032K, 4% used [0x00000000c0000000,0x00000000c0709e08,0x00000000ca800000)
 Metaspace       used 6290K, capacity 7154K, committed 7296K, reserved 1056768K
  class space    used 605K, capacity 618K, committed 640K, reserved 1048576K
}

Deoptimization events (10 events):
Event: 1.178 Thread 0x00000000165ad000 Uncommon trap: reason=unstable_if action=reinterpret pc=0x00000000024ff86c method=com.android.dx.rop.code.RegisterSpecSet.put(Lcom/android/dx/rop/code/RegisterSpec;)V @ 77
Event: 1.985 Thread 0x000000000209d800 Uncommon trap: reason=unstable_if action=reinterpret pc=0x00000000024b8b1c method=com.android.dx.rop.cst.Constant.compareTo(Lcom/android/dx/rop/cst/Constant;)I @ 12
Event: 2.206 Thread 0x000000000209d800 Uncommon trap: reason=unstable_if action=reinterpret pc=0x000000000239c418 method=java.lang.String.<init>([CII)V @ 18
Event: 2.502 Thread 0x00000000165ad000 Uncommon trap: reason=unstable_if action=reinterpret pc=0x000000000275bca0 method=com.android.dx.ssa.SCCP.simulateBranch(Lcom/android/dx/ssa/SsaInsn;)V @ 64
Event: 2.506 Thread 0x00000000165ad000 Uncommon trap: reason=null_check action=make_not_entrant pc=0x0000000002770c38 method=com.android.dx.ssa.SsaRenamer.getLocalForNewReg(I)Lcom/android/dx/rop/code/LocalItem; @ 19
Event: 2.549 Thread 0x00000000165a8800 Uncommon trap: reason=uninitialized action=reinterpret pc=0x0000000002732e68 method=com.android.dx.cf.code.BytecodeArray.parseInstruction(ILcom/android/dx/cf/code/BytecodeArray$Visitor;)I @ 999
Event: 2.552 Thread 0x00000000165a8800 Uncommon trap: reason=bimorphic action=maybe_recompile pc=0x00000000026586ac method=java.util.HashMap.putVal(ILjava/lang/Object;Ljava/lang/Object;ZZ)Ljava/lang/Object; @ 203
Event: 2.660 Thread 0x00000000165ab800 Uncommon trap: reason=unstable_if action=reinterpret pc=0x00000000026d32cc method=com.android.dx.ssa.SCCP.simulateStmt(Lcom/android/dx/ssa/SsaInsn;)V @ 53
Event: 2.678 Thread 0x00000000165ad000 Uncommon trap: reason=unstable_if action=reinterpret pc=0x0000000002627efc method=com.android.dx.util.IntList.binarysearch(I)I @ 105
Event: 2.721 Thread 0x00000000165a8800 Uncommon trap: reason=unstable_if action=reinterpret pc=0x0000000002627b9c method=com.android.dx.ssa.SsaMethod.updateOneDefinition(Lcom/android/dx/ssa/SsaInsn;Lcom/android/dx/rop/code/RegisterSpec;)V @ 4

Internal exceptions (4 events):
Event: 0.047 Thread 0x000000000209d800 Exception <a 'java/lang/NoSuchMethodError': Method sun.misc.Unsafe.defineClass(Ljava/lang/String;[BII)Ljava/lang/Class; name or signature does not match> (0x00000000eab07cc0) thrown at [C:\re\workspace\8-2-build-windows-amd64-cygwin\jdk8u91\7017\hotspot\sr±Óá{¨?
Event: 0.047 Thread 0x000000000209d800 Exception <a 'java/lang/NoSuchMethodError': Method sun.misc.Unsafe.prefetchRead(Ljava/lang/Object;J)V name or signature does not match> (0x00000000eab07fa8) thrown at [C:\re\workspace\8-2-build-windows-amd64-cygwin\jdk8u91\7017\hotspot\src\share\vm\prims\jÂV@ÁÒð?
Event: 1.051 Thread 0x00000000165ab800 Implicit null exception at 0x0000000002499de2 to 0x0000000002499eda
Event: 2.506 Thread 0x00000000165ad000 Implicit null exception at 0x000000000276ddf3 to 0x0000000002770c09

Events (10 events):
Event: 2.678 Thread 0x00000000165ad000 DEOPT UNPACKING pc=0x00000000021e582a sp=0x0000000016e2e758 mode 2
Event: 2.720 loading class com/android/dx/rop/code/RegOps
Event: 2.720 loading class com/android/dx/rop/code/RegOps done
Event: 2.721 Thread 0x00000000165a8800 Uncommon trap: trap_request=0xffffff65 fr.pc=0x0000000002627b9c
Event: 2.721 Thread 0x00000000165a8800 DEOPT PACKING pc=0x0000000002627b9c sp=0x0000000016a2e320
Event: 2.721 Thread 0x00000000165a8800 DEOPT UNPACKING pc=0x00000000021e582a sp=0x0000000016a2e2c8 mode 2
Event: 2.755 Executing VM operation: ParallelGCFailedAllocation
Event: 3.865 Executing VM operation: ParallelGCFailedAllocation done
Event: 4.012 Thread 0x00000000165ac800 DEOPT PACKING pc=0x0000000002815999 sp=0x0000000016d2e700
Event: 4.012 Thread 0x00000000165ac800 DEOPT UNPACKING pc=0x00000000021e787f sp=0x0000000016d2e3f8 mode 0


Dynamic libraries:
0x00007ff7182d0000 - 0x00007ff718307000 	C:\Program Files\Java\jdk1.8.0_91\bin\java.exe
0x00007ff983700000 - 0x00007ff9838ad000 	C:\windows\SYSTEM32\ntdll.dll
0x00007ff981ab0000 - 0x00007ff981bee000 	C:\windows\system32\KERNEL32.DLL
0x00007ff980b90000 - 0x00007ff980ca5000 	C:\windows\system32\KERNELBASE.dll
0x00007ff97ee70000 - 0x00007ff97eefe000 	C:\windows\system32\apphelp.dll
0x00007ff96e560000 - 0x00007ff96e5b3000 	C:\windows\AppPatch\AppPatch64\AcGenral.DLL
0x00007ff983290000 - 0x00007ff98333a000 	C:\windows\system32\msvcrt.dll
0x00007ff980d60000 - 0x00007ff980d8e000 	C:\windows\system32\SspiCli.dll
0x00007ff980fb0000 - 0x00007ff981004000 	C:\windows\system32\SHLWAPI.dll
0x00007ff981850000 - 0x00007ff9819c7000 	C:\windows\system32\USER32.dll
0x00007ff981110000 - 0x00007ff9812a4000 	C:\windows\system32\ole32.dll
0x00007ff981d60000 - 0x00007ff98328b000 	C:\windows\system32\SHELL32.dll
0x00007ff97fe80000 - 0x00007ff97fea1000 	C:\windows\SYSTEM32\USERENV.dll
0x00007ff981050000 - 0x00007ff9810fa000 	C:\windows\system32\ADVAPI32.dll
0x00007ff973520000 - 0x00007ff97353e000 	C:\windows\SYSTEM32\MPR.dll
0x00007ff981310000 - 0x00007ff981450000 	C:\windows\system32\RPCRT4.dll
0x00007ff9812b0000 - 0x00007ff981309000 	C:\windows\SYSTEM32\sechost.dll
0x00007ff981630000 - 0x00007ff981841000 	C:\windows\SYSTEM32\combase.dll
0x00007ff981bf0000 - 0x00007ff981d3f000 	C:\windows\system32\GDI32.dll
0x00007ff980830000 - 0x00007ff980845000 	C:\windows\SYSTEM32\profapi.dll
0x00007ff97f120000 - 0x00007ff97f1d2000 	C:\windows\SYSTEM32\SHCORE.dll
0x00007ff981010000 - 0x00007ff981046000 	C:\windows\system32\IMM32.DLL
0x00007ff980d90000 - 0x00007ff980ee2000 	C:\windows\system32\MSCTF.dll
0x00007ff97ebf0000 - 0x00007ff97ee6a000 	C:\windows\WinSxS\amd64_microsoft.windows.common-controls_6595b64144ccf1df_6.0.9600.17810_none_6240b9c7ecbd0bda\COMCTL32.dll
0x000000006d6a0000 - 0x000000006d772000 	C:\Program Files\Java\jdk1.8.0_91\jre\bin\msvcr100.dll
0x000000006dab0000 - 0x000000006e343000 	C:\Program Files\Java\jdk1.8.0_91\jre\bin\server\jvm.dll
0x00007ff9766b0000 - 0x00007ff9766b9000 	C:\windows\SYSTEM32\WSOCK32.dll
0x00007ff97de30000 - 0x00007ff97de52000 	C:\windows\SYSTEM32\WINMM.dll
0x00007ff97e770000 - 0x00007ff97e77a000 	C:\windows\SYSTEM32\VERSION.dll
0x00007ff9836f0000 - 0x00007ff9836f7000 	C:\windows\system32\PSAPI.DLL
0x00007ff983340000 - 0x00007ff98339a000 	C:\windows\system32\WS2_32.dll
0x00007ff97db80000 - 0x00007ff97dbaa000 	C:\windows\SYSTEM32\WINMMBASE.dll
0x00007ff9834c0000 - 0x00007ff9834c9000 	C:\windows\system32\NSI.dll
0x00007ff980b40000 - 0x00007ff980b8f000 	C:\windows\SYSTEM32\cfgmgr32.dll
0x00007ff97f650000 - 0x00007ff97f678000 	C:\windows\SYSTEM32\DEVOBJ.dll
0x000000006e610000 - 0x000000006e61f000 	C:\Program Files\Java\jdk1.8.0_91\jre\bin\verify.dll
0x000000006e5e0000 - 0x000000006e609000 	C:\Program Files\Java\jdk1.8.0_91\jre\bin\java.dll
0x000000006e5c0000 - 0x000000006e5d6000 	C:\Program Files\Java\jdk1.8.0_91\jre\bin\zip.dll

VM Arguments:
jvm_args: -Djava.awt.headless=true -Xmx1024M -Dfile.encoding=windows-1252 -Duser.country=US -Duser.language=en -Duser.variant 
java_command: com.android.dx.command.Main --dex --force-jumbo --num-threads=4 --multi-dex --output C:\PSR\Personal\Andrioid\androidPrograms\ToDoList\app\build\intermediates\transforms\dex\debug\folders\1000\10\com.android.support-appcompat-v7-24.0.0_6a8e0485ce4dde3ee7459650a3202a9d0a3fc36b C:\PSR\Personal\Andrioid\androidPrograms\ToDoList\app\build\intermediates\exploded-aar\com.android.support\appcompat-v7\24.0.0\jars\classes.jar
java_class_path (initial): C:\Users\srinivasap\AppData\Local\Android\sdk1\build-tools\24.0.0\lib\dx.jar
Launcher Type: SUN_STANDARD

Environment Variables:
JAVA_HOME=C:\Program Files\Java\jdk1.8.0_91
PATH=C:\ProgramData\Oracle\Java\javapath;C:\windows\system32;C:\windows;C:\windows\System32\Wbem;C:\windows\System32\WindowsPowerShell\v1.0\;c:\Program Files (x86)\Microsoft SQL Server\90\Tools\binn\;C:\Program Files\TortoiseSVN\bin;C:\Python27;C:\PSR\Telenav\TelenavWork\4.7.4\4.7.4\bin;C:\Qt\4.7.4\bin;C:\Program Files (x86)\CMake\bin;C:\PSR\Telenav\TelenavWork\apache-ant-1.9.6-bin\apache-ant-1.9.6\bin;C:\Program Files (x86)\Java\jdk1.8.0_91\bin;C:\windows\system32\config\systemprofile\.dnx\bin;C:\Program Files\Microsoft DNX\Dnvm\;C:\Program Files\IDM Computer Solutions\UltraEdit;C:\Program Files\Intel\WiFi\bin\;C:\Program Files\Common Files\Intel\WirelessCommon\;C:\Program Files (x86)\QuickTime\QTSystem\;C:\Program Files (x86)\Windows Kits\8.1\Windows Performance Toolkit\;C:\Program Files\Microsoft SQL Server\130\Tools\Binn\;C:\Program Files\Intel\WiFi\bin\;C:\Program Files\Common Files\Intel\WirelessCommon\;C:\Users\srinivasap\AppData\Local\atom\bin;C:\PSR\Personal\Andrioid\androidStudio\android-ndk-r11c;C:\Program Files (x86)\Microsoft VS Code\bin
USERNAME=srinivasap
OS=Windows_NT
PROCESSOR_IDENTIFIER=Intel64 Family 6 Model 60 Stepping 3, GenuineIntel



---------------  S Y S T E M  ---------------

OS: Windows 8.1 , 64 bit Build 9600 (6.3.9600.17415)

CPU:total 4 (2 cores per cpu, 2 threads per core) family 6 model 60 stepping 3, cmov, cx8, fxsr, mmx, sse, sse2, sse3, ssse3, sse4.1, sse4.2, popcnt, avx, avx2, aes, clmul, erms, lzcnt, ht, tsc, tscinvbit, bmi1, bmi2

Memory: 4k page, physical 16455804k(3834436k free), swap 16455804k(7568k free)

vm_info: Java HotSpot(TM) 64-Bit Server VM (25.91-b15) for windows-amd64 JRE (1.8.0_91-b15), built on May 20 2016 17:43:15 by "java_re" with MS VC++ 10.0 (VS2010)

time: Tue Jul 05 01:39:46 2016
elapsed time: 4 seconds (0d 0h 0m 4s)

