#
# There is insufficient memory for the Java Runtime Environment to continue.
# Native memory allocation (malloc) failed to allocate 379936 bytes for Chunk::new
# Possible reasons:
#   The system is out of physical RAM or swap space
#   In 32 bit mode, the process size limit was hit
# Possible solutions:
#   Reduce memory load on the system
#   Increase physical memory or swap space
#   Check if swap backing store is full
#   Use 64 bit Java on a 64 bit OS
#   Decrease Java heap size (-Xmx/-Xms)
#   Decrease number of Java threads
#   Decrease Java thread stack sizes (-Xss)
#   Set larger code cache with -XX:ReservedCodeCacheSize=
# This output file may be truncated or incomplete.
#
#  Out of Memory Error (allocation.cpp:390), pid=12160, tid=12228
#
# JRE version: Java(TM) SE Runtime Environment (8.0_91-b15) (build 1.8.0_91-b15)
# Java VM: Java HotSpot(TM) 64-Bit Server VM (25.91-b15 mixed mode windows-amd64 compressed oops)
# Failed to write core dump. Minidumps are not enabled by default on client versions of Windows
#

---------------  T H R E A D  ---------------

Current thread (0x0000000014cd8800):  JavaThread "C2 CompilerThread1" daemon [_thread_in_native, id=12228, stack(0x0000000016540000,0x0000000016640000)]

Stack: [0x0000000016540000,0x0000000016640000]
[error occurred during error reporting (printing stack bounds), id 0xc0000005]

Native frames: (J=compiled Java code, j=interpreted, Vv=VM code, C=native code)


Current CompileTask:
C2:    519  534       4       com.android.dx.ssa.NormalSsaInsn::accept (25 bytes)


---------------  P R O C E S S  ---------------

Java Threads: ( => current thread )
  0x0000000016842000 JavaThread "pool-2-thread-4" [_thread_in_Java, id=4668, stack(0x0000000017140000,0x0000000017240000)]
  0x000000001677f800 JavaThread "pool-2-thread-3" [_thread_blocked, id=12680, stack(0x0000000017040000,0x0000000017140000)]
  0x000000001677c800 JavaThread "pool-2-thread-2" [_thread_in_Java, id=436, stack(0x0000000016f40000,0x0000000017040000)]
  0x0000000016777000 JavaThread "pool-3-thread-1" [_thread_blocked, id=7608, stack(0x0000000016e40000,0x0000000016f40000)]
  0x0000000016765800 JavaThread "pool-2-thread-1" [_thread_in_Java, id=12384, stack(0x0000000016d40000,0x0000000016e40000)]
  0x0000000016645800 JavaThread "Service Thread" daemon [_thread_blocked, id=11036, stack(0x0000000016b40000,0x0000000016c40000)]
  0x0000000016640800 JavaThread "C1 CompilerThread2" daemon [_thread_in_native, id=456, stack(0x0000000016a40000,0x0000000016b40000)]
=>0x0000000014cd8800 JavaThread "C2 CompilerThread1" daemon [_thread_in_native, id=12228, stack(0x0000000016540000,0x0000000016640000)]
  0x0000000014c7c800 JavaThread "C2 CompilerThread0" daemon [_thread_in_native, id=5784, stack(0x0000000016440000,0x0000000016540000)]
  0x0000000014c7a800 JavaThread "Attach Listener" daemon [_thread_blocked, id=2708, stack(0x0000000016340000,0x0000000016440000)]
  0x0000000014c79000 JavaThread "Signal Dispatcher" daemon [_thread_blocked, id=11060, stack(0x0000000016240000,0x0000000016340000)]
  0x0000000014c6a800 JavaThread "Finalizer" daemon [_thread_blocked, id=3884, stack(0x0000000015ef0000,0x0000000015ff0000)]
  0x00000000025a0000 JavaThread "Reference Handler" daemon [_thread_blocked, id=11156, stack(0x0000000015df0000,0x0000000015ef0000)]
  0x00000000024ad800 JavaThread "main" [_thread_blocked, id=10708, stack(0x00000000022b0000,0x00000000023b0000)]

Other Threads:
  0x0000000014c48000 VMThread [stack: 0x0000000015cf0000,0x0000000015df0000] [id=1996]
  0x0000000016652000 WatcherThread [stack: 0x0000000016c40000,0x0000000016d40000] [id=9908]

VM state:not at safepoint (normal execution)

VM Mutex/Monitor currently owned by a thread: None

Heap:
 PSYoungGen      total 75264K, used 16783K [0x00000000eab00000, 0x00000000eff00000, 0x0000000100000000)
  eden space 64512K, 26% used [0x00000000eab00000,0x00000000ebb63ca8,0x00000000eea00000)
  from space 10752K, 0% used [0x00000000ef480000,0x00000000ef480000,0x00000000eff00000)
  to   space 10752K, 0% used [0x00000000eea00000,0x00000000eea00000,0x00000000ef480000)
 ParOldGen       total 172032K, used 0K [0x00000000c0000000, 0x00000000ca800000, 0x00000000eab00000)
  object space 172032K, 0% used [0x00000000c0000000,0x00000000c0000000,0x00000000ca800000)
 Metaspace       used 5428K, capacity 6576K, committed 6784K, reserved 1056768K
  class space    used 576K, capacity 616K, committed 640K, reserved 1048576K

Card table byte_map: [0x0000000011970000,0x0000000011b80000] byte_map_base: 0x0000000011370000

Marking Bits: (ParMarkBitMap*) 0x000000006e2c2f70
 Begin Bits: [0x00000000120e0000, 0x00000000130e0000)
 End Bits:   [0x00000000130e0000, 0x00000000140e0000)

Polling page: 0x0000000000a80000

CodeCache: size=245760Kb used=2379Kb max_used=2379Kb free=243380Kb
 bounds [0x00000000025b0000, 0x0000000002820000, 0x00000000115b0000]
 total_blobs=843 nmethods=582 adapters=174
 compilation: enabled

Compilation events (10 events):
Event: 0.517 Thread 0x0000000014c7c800 nmethod 574 0x00000000027fafd0 code [0x00000000027fb140, 0x00000000027fb5b8]
Event: 0.517 Thread 0x0000000016640800 nmethod 576 0x00000000027fba10 code [0x00000000027fbee0, 0x00000000027ffae8]
Event: 0.517 Thread 0x0000000014c7c800  592   !   4       com.android.dx.util.FixedSizeList::set0 (22 bytes)
Event: 0.517 Thread 0x0000000016640800  593       1       com.android.dx.rop.cst.CstInteger::getType (4 bytes)
Event: 0.518 Thread 0x0000000016640800 nmethod 593 0x00000000027eeed0 code [0x00000000027ef020, 0x00000000027ef130]
Event: 0.518 Thread 0x0000000016640800  594       3       com.android.dx.cf.code.LineNumberList::pcToLine (73 bytes)
Event: 0.518 Thread 0x0000000016640800 nmethod 594 0x00000000027f8850 code [0x00000000027f89e0, 0x00000000027f90a8]
Event: 0.518 Thread 0x0000000016640800  591       3       com.android.dx.util.IntList::indexOf (16 bytes)
Event: 0.518 Thread 0x0000000016640800 nmethod 591 0x00000000027e5fd0 code [0x00000000027e6140, 0x00000000027e63a8]
Event: 0.518 Thread 0x0000000016640800  583       3       com.android.dx.cf.code.ConcreteMethod::makeSourcePosistion (21 bytes)

GC Heap History (0 events):
No events

Deoptimization events (1 events):
Event: 0.480 Thread 0x0000000016765800 Uncommon trap: reason=unstable_if action=reinterpret pc=0x000000000278a640 method=java.util.HashMap.getNode(ILjava/lang/Object;)Ljava/util/HashMap$Node; @ 62

Internal exceptions (2 events):
Event: 0.070 Thread 0x00000000024ad800 Exception <a 'java/lang/NoSuchMethodError': Method sun.misc.Unsafe.defineClass(Ljava/lang/String;[BII)Ljava/lang/Class; name or signature does not match> (0x00000000eab07cc0) thrown at [C:\re\workspace\8-2-build-windows-amd64-cygwin\jdk8u91\7017\hotspot\sr»j“ŸÔ±?
Event: 0.070 Thread 0x00000000024ad800 Exception <a 'java/lang/NoSuchMethodError': Method sun.misc.Unsafe.prefetchRead(Ljava/lang/Object;J)V name or signature does not match> (0x00000000eab07fa8) thrown at [C:\re\workspace\8-2-build-windows-amd64-cygwin\jdk8u91\7017\hotspot\src\share\vm\prims\j

Events (10 events):
Event: 0.473 loading class com/android/dx/dex/file/MethodIdItem done
Event: 0.473 loading class com/android/dx/cf/code/SwitchList
Event: 0.473 loading class com/android/dx/cf/code/SwitchList done
Event: 0.480 Thread 0x0000000016765800 Uncommon trap: trap_request=0xffffff65 fr.pc=0x000000000278a640
Event: 0.480 Thread 0x0000000016765800 DEOPT PACKING pc=0x000000000278a640 sp=0x0000000016e3e800
Event: 0.480 Thread 0x0000000016765800 DEOPT UNPACKING pc=0x00000000025f582a sp=0x0000000016e3e778 mode 2
Event: 0.491 loading class com/android/dx/ssa/back/FirstFitLocalCombiningAllocator$Multiset
Event: 0.491 loading class com/android/dx/ssa/back/FirstFitLocalCombiningAllocator$Multiset done
Event: 0.496 loading class java/util/DualPivotQuicksort
Event: 0.496 loading class java/util/DualPivotQuicksort done


Dynamic libraries:
0x00007ff7182d0000 - 0x00007ff718307000 	C:\Program Files\Java\jdk1.8.0_91\bin\java.exe
0x00007ff983700000 - 0x00007ff9838ad000 	C:\windows\SYSTEM32\ntdll.dll
0x00007ff981ab0000 - 0x00007ff981bee000 	C:\windows\system32\KERNEL32.DLL
0x00007ff980b90000 - 0x00007ff980ca5000 	C:\windows\system32\KERNELBASE.dll
0x00007ff97ee70000 - 0x00007ff97eefe000 	C:\windows\system32\apphelp.dll
0x00007ff96e560000 - 0x00007ff96e5b3000 	C:\windows\AppPatch\AppPatch64\AcGenral.DLL
0x00007ff983290000 - 0x00007ff98333a000 	C:\windows\system32\msvcrt.dll
0x00007ff980d60000 - 0x00007ff980d8e000 	C:\windows\system32\SspiCli.dll
0x00007ff980fb0000 - 0x00007ff981004000 	C:\windows\system32\SHLWAPI.dll
0x00007ff981850000 - 0x00007ff9819c7000 	C:\windows\system32\USER32.dll
0x00007ff981110000 - 0x00007ff9812a4000 	C:\windows\system32\ole32.dll
0x00007ff981d60000 - 0x00007ff98328b000 	C:\windows\system32\SHELL32.dll
0x00007ff97fe80000 - 0x00007ff97fea1000 	C:\windows\SYSTEM32\USERENV.dll
0x00007ff981050000 - 0x00007ff9810fa000 	C:\windows\system32\ADVAPI32.dll
0x00007ff973520000 - 0x00007ff97353e000 	C:\windows\SYSTEM32\MPR.dll
0x00007ff981310000 - 0x00007ff981450000 	C:\windows\system32\RPCRT4.dll
0x00007ff9812b0000 - 0x00007ff981309000 	C:\windows\SYSTEM32\sechost.dll
0x00007ff981630000 - 0x00007ff981841000 	C:\windows\SYSTEM32\combase.dll
0x00007ff981bf0000 - 0x00007ff981d3f000 	C:\windows\system32\GDI32.dll
0x00007ff980830000 - 0x00007ff980845000 	C:\windows\SYSTEM32\profapi.dll
0x00007ff97f120000 - 0x00007ff97f1d2000 	C:\windows\SYSTEM32\SHCORE.dll
0x00007ff981010000 - 0x00007ff981046000 	C:\windows\system32\IMM32.DLL
0x00007ff980d90000 - 0x00007ff980ee2000 	C:\windows\system32\MSCTF.dll
0x00007ff97ebf0000 - 0x00007ff97ee6a000 	C:\windows\WinSxS\amd64_microsoft.windows.common-controls_6595b64144ccf1df_6.0.9600.17810_none_6240b9c7ecbd0bda\COMCTL32.dll
0x000000006d6a0000 - 0x000000006d772000 	C:\Program Files\Java\jdk1.8.0_91\jre\bin\msvcr100.dll
0x000000006dab0000 - 0x000000006e343000 	C:\Program Files\Java\jdk1.8.0_91\jre\bin\server\jvm.dll
0x00007ff9766b0000 - 0x00007ff9766b9000 	C:\windows\SYSTEM32\WSOCK32.dll
0x00007ff97de30000 - 0x00007ff97de52000 	C:\windows\SYSTEM32\WINMM.dll
0x00007ff97e770000 - 0x00007ff97e77a000 	C:\windows\SYSTEM32\VERSION.dll
0x00007ff9836f0000 - 0x00007ff9836f7000 	C:\windows\system32\PSAPI.DLL
0x00007ff983340000 - 0x00007ff98339a000 	C:\windows\system32\WS2_32.dll
0x00007ff97db80000 - 0x00007ff97dbaa000 	C:\windows\SYSTEM32\WINMMBASE.dll
0x00007ff9834c0000 - 0x00007ff9834c9000 	C:\windows\system32\NSI.dll
0x00007ff980b40000 - 0x00007ff980b8f000 	C:\windows\SYSTEM32\cfgmgr32.dll
0x00007ff97f650000 - 0x00007ff97f678000 	C:\windows\SYSTEM32\DEVOBJ.dll
0x000000006e610000 - 0x000000006e61f000 	C:\Program Files\Java\jdk1.8.0_91\jre\bin\verify.dll
0x000000006e5e0000 - 0x000000006e609000 	C:\Program Files\Java\jdk1.8.0_91\jre\bin\java.dll
0x000000006e5c0000 - 0x000000006e5d6000 	C:\Program Files\Java\jdk1.8.0_91\jre\bin\zip.dll

VM Arguments:
jvm_args: -Djava.awt.headless=true -Xmx1024M -Dfile.encoding=windows-1252 -Duser.country=US -Duser.language=en -Duser.variant 
java_command: com.android.dx.command.Main --dex --force-jumbo --num-threads=4 --multi-dex --output C:\PSR\Personal\Andrioid\androidPrograms\ToDoList\app\build\intermediates\transforms\dex\debug\folders\1000\5\slice_5 C:\PSR\Personal\Andrioid\androidPrograms\ToDoList\app\build\intermediates\transforms\instantRunSlicer\debug\folders\1\5\slice_5
java_class_path (initial): C:\Users\srinivasap\AppData\Local\Android\sdk1\build-tools\24.0.0\lib\dx.jar
Launcher Type: SUN_STANDARD

Environment Variables:
JAVA_HOME=C:\Program Files\Java\jdk1.8.0_91
PATH=C:\ProgramData\Oracle\Java\javapath;C:\windows\system32;C:\windows;C:\windows\System32\Wbem;C:\windows\System32\WindowsPowerShell\v1.0\;c:\Program Files (x86)\Microsoft SQL Server\90\Tools\binn\;C:\Program Files\TortoiseSVN\bin;C:\Python27;C:\PSR\Telenav\TelenavWork\4.7.4\4.7.4\bin;C:\Qt\4.7.4\bin;C:\Program Files (x86)\CMake\bin;C:\PSR\Telenav\TelenavWork\apache-ant-1.9.6-bin\apache-ant-1.9.6\bin;C:\Program Files (x86)\Java\jdk1.8.0_91\bin;C:\windows\system32\config\systemprofile\.dnx\bin;C:\Program Files\Microsoft DNX\Dnvm\;C:\Program Files\IDM Computer Solutions\UltraEdit;C:\Program Files\Intel\WiFi\bin\;C:\Program Files\Common Files\Intel\WirelessCommon\;C:\Program Files (x86)\QuickTime\QTSystem\;C:\Program Files (x86)\Windows Kits\8.1\Windows Performance Toolkit\;C:\Program Files\Microsoft SQL Server\130\Tools\Binn\;C:\Program Files\Intel\WiFi\bin\;C:\Program Files\Common Files\Intel\WirelessCommon\;C:\Users\srinivasap\AppData\Local\atom\bin;C:\PSR\Personal\Andrioid\androidStudio\android-ndk-r11c;C:\Program Files (x86)\Microsoft VS Code\bin
USERNAME=srinivasap
OS=Windows_NT
PROCESSOR_IDENTIFIER=Intel64 Family 6 Model 60 Stepping 3, GenuineIntel



---------------  S Y S T E M  ---------------

OS: Windows 8.1 , 64 bit Build 9600 (6.3.9600.17415)

CPU:total 4 (2 cores per cpu, 2 threads per core) family 6 model 60 stepping 3, cmov, cx8, fxsr, mmx, sse, sse2, sse3, ssse3, sse4.1, sse4.2, popcnt, avx, avx2, aes, clmul, erms, lzcnt, ht, tsc, tscinvbit, bmi1, bmi2

Memory: 4k page, physical 16455804k(3848176k free), swap 16455804k(5144k free)

vm_info: Java HotSpot(TM) 64-Bit Server VM (25.91-b15) for windows-amd64 JRE (1.8.0_91-b15), built on May 20 2016 17:43:15 by "java_re" with MS VC++ 10.0 (VS2010)

time: Tue Jul 05 01:40:03 2016
elapsed time: 0 seconds (0d 0h 0m 0s)

